\BOOKMARK [1][-]{section.1}{Matchings and Colorings}{}% 1
\BOOKMARK [2][-]{subsection.1.1}{Matchins 1}{section.1}% 2
\BOOKMARK [2][-]{subsection.1.2}{Matchings 3}{section.1}% 3
\BOOKMARK [2][-]{subsection.1.3}{Matchings 6}{section.1}% 4
\BOOKMARK [2][-]{subsection.1.4}{Matchings 7}{section.1}% 5
\BOOKMARK [2][-]{subsection.1.5}{Matchings 8}{section.1}% 6
\BOOKMARK [2][-]{subsection.1.6}{Matchings 9}{section.1}% 7
\BOOKMARK [1][-]{section.2}{Planar Graphs}{}% 8
\BOOKMARK [2][-]{subsection.2.1}{Planar Graphs 2}{section.2}% 9
\BOOKMARK [2][-]{subsection.2.2}{Planar Graphs 10}{section.2}% 10
\BOOKMARK [2][-]{subsection.2.3}{Planar Graphs 11}{section.2}% 11
\BOOKMARK [2][-]{subsection.2.4}{Minors 1 - 1}{section.2}% 12
\BOOKMARK [2][-]{subsection.2.5}{Minors 1 - 2}{section.2}% 13
\BOOKMARK [2][-]{subsection.2.6}{Minors 1 - 3}{section.2}% 14
\BOOKMARK [2][-]{subsection.2.7}{Minors 1 - 5}{section.2}% 15
\BOOKMARK [2][-]{subsection.2.8}{Minors 1 - 6}{section.2}% 16
\BOOKMARK [2][-]{subsection.2.9}{Minors 2 - 1}{section.2}% 17
\BOOKMARK [2][-]{subsection.2.10}{Minors 2 - 3}{section.2}% 18
\BOOKMARK [2][-]{subsection.2.11}{Minors 2 - 5}{section.2}% 19
\BOOKMARK [2][-]{subsection.2.12}{Minors 2 - 7}{section.2}% 20
